30-Mar-2021 00:03:15.296 INFO [main] org.apache.catalina.startup.VersionLoggerListener.log Server version name:   Apache Tomcat/10.0.4
30-Mar-2021 00:03:15.300 INFO [main] org.apache.catalina.startup.VersionLoggerListener.log Server built:          Mar 5 2021 11:07:15 UTC
30-Mar-2021 00:03:15.301 INFO [main] org.apache.catalina.startup.VersionLoggerListener.log Server version number: 10.0.4.0
30-Mar-2021 00:03:15.301 INFO [main] org.apache.catalina.startup.VersionLoggerListener.log OS Name:               Windows 10
30-Mar-2021 00:03:15.301 INFO [main] org.apache.catalina.startup.VersionLoggerListener.log OS Version:            10.0
30-Mar-2021 00:03:15.301 INFO [main] org.apache.catalina.startup.VersionLoggerListener.log Architecture:          amd64
30-Mar-2021 00:03:15.301 INFO [main] org.apache.catalina.startup.VersionLoggerListener.log Java Home:             C:\Program Files\Java\jdk-16
30-Mar-2021 00:03:15.301 INFO [main] org.apache.catalina.startup.VersionLoggerListener.log JVM Version:           16+36-2231
30-Mar-2021 00:03:15.302 INFO [main] org.apache.catalina.startup.VersionLoggerListener.log JVM Vendor:            Oracle Corporation
30-Mar-2021 00:03:15.302 INFO [main] org.apache.catalina.startup.VersionLoggerListener.log CATALINA_BASE:         C:\Users\henri\IdeaProjects\springboot\apache-tomcat-10.0.4
30-Mar-2021 00:03:15.302 INFO [main] org.apache.catalina.startup.VersionLoggerListener.log CATALINA_HOME:         C:\Users\henri\IdeaProjects\springboot\apache-tomcat-10.0.4
30-Mar-2021 00:03:15.315 INFO [main] org.apache.catalina.startup.VersionLoggerListener.log Command line argument: --add-opens=java.base/java.lang=ALL-UNNAMED
30-Mar-2021 00:03:15.316 INFO [main] org.apache.catalina.startup.VersionLoggerListener.log Command line argument: --add-opens=java.base/java.io=ALL-UNNAMED
30-Mar-2021 00:03:15.316 INFO [main] org.apache.catalina.startup.VersionLoggerListener.log Command line argument: --add-opens=java.base/java.util=ALL-UNNAMED
30-Mar-2021 00:03:15.316 INFO [main] org.apache.catalina.startup.VersionLoggerListener.log Command line argument: --add-opens=java.base/java.util.concurrent=ALL-UNNAMED
30-Mar-2021 00:03:15.316 INFO [main] org.apache.catalina.startup.VersionLoggerListener.log Command line argument: --add-opens=java.rmi/sun.rmi.transport=ALL-UNNAMED
30-Mar-2021 00:03:15.317 INFO [main] org.apache.catalina.startup.VersionLoggerListener.log Command line argument: -Djava.util.logging.config.file=C:/Users/henri/IdeaProjects/springboot/apache-tomcat-10.0.4/conf/logging.properties
30-Mar-2021 00:03:15.317 INFO [main] org.apache.catalina.startup.VersionLoggerListener.log Command line argument: -Djava.util.logging.manager=org.apache.juli.ClassLoaderLogManager
30-Mar-2021 00:03:15.317 INFO [main] org.apache.catalina.startup.VersionLoggerListener.log Command line argument: -Djdk.tls.ephemeralDHKeySize=2048
30-Mar-2021 00:03:15.317 INFO [main] org.apache.catalina.startup.VersionLoggerListener.log Command line argument: -Djava.protocol.handler.pkgs=org.apache.catalina.webresources
30-Mar-2021 00:03:15.317 INFO [main] org.apache.catalina.startup.VersionLoggerListener.log Command line argument: -Dorg.apache.catalina.security.SecurityListener.UMASK=0027
30-Mar-2021 00:03:15.317 INFO [main] org.apache.catalina.startup.VersionLoggerListener.log Command line argument: -Dignore.endorsed.dirs=
30-Mar-2021 00:03:15.318 INFO [main] org.apache.catalina.startup.VersionLoggerListener.log Command line argument: -Dcatalina.base=C:/Users/henri/IdeaProjects/springboot/apache-tomcat-10.0.4
30-Mar-2021 00:03:15.318 INFO [main] org.apache.catalina.startup.VersionLoggerListener.log Command line argument: -Dcatalina.home=C:/Users/henri/IdeaProjects/springboot/apache-tomcat-10.0.4
30-Mar-2021 00:03:15.318 INFO [main] org.apache.catalina.startup.VersionLoggerListener.log Command line argument: -Djava.io.tmpdir=C:/Users/henri/IdeaProjects/springboot/apache-tomcat-10.0.4/temp
30-Mar-2021 00:03:15.323 INFO [main] org.apache.catalina.core.AprLifecycleListener.lifecycleEvent Loaded Apache Tomcat Native library [1.2.26] using APR version [1.7.0].
30-Mar-2021 00:03:15.323 INFO [main] org.apache.catalina.core.AprLifecycleListener.lifecycleEvent APR capabilities: IPv6 [true], sendfile [true], accept filters [false], random [true], UDS [true].
30-Mar-2021 00:03:15.329 INFO [main] org.apache.catalina.core.AprLifecycleListener.initializeSSL OpenSSL successfully initialized [OpenSSL 1.1.1i  8 Dec 2020]
30-Mar-2021 00:03:15.708 INFO [main] org.apache.coyote.AbstractProtocol.init Initializing ProtocolHandler ["http-nio-8080"]
30-Mar-2021 00:03:15.762 INFO [main] org.apache.catalina.startup.Catalina.load Server initialization in [716] milliseconds
30-Mar-2021 00:03:15.839 INFO [main] org.apache.catalina.core.StandardService.startInternal Starting service [Catalina]
30-Mar-2021 00:03:15.839 INFO [main] org.apache.catalina.core.StandardEngine.startInternal Starting Servlet engine: [Apache Tomcat/10.0.4]
30-Mar-2021 00:03:15.868 INFO [main] org.apache.catalina.startup.HostConfig.deployWAR Deploying web application archive [C:\Users\henri\IdeaProjects\springboot\apache-tomcat-10.0.4\webapps\springboot-0.0.1-SNAPSHOT.war]
30-Mar-2021 00:03:19.285 INFO [main] org.apache.jasper.servlet.TldScanner.scanJars At least one JAR was scanned for TLDs yet contained no TLDs. Enable debug logging for this logger for a complete list of JARs that were scanned but no TLDs were found in them. Skipping unneeded JARs during scanning can improve startup time and JSP compilation time.
30-Mar-2021 00:03:19.398 INFO [main] org.apache.catalina.startup.HostConfig.deployWAR Deployment of web application archive [C:\Users\henri\IdeaProjects\springboot\apache-tomcat-10.0.4\webapps\springboot-0.0.1-SNAPSHOT.war] has finished in [3.527] ms
30-Mar-2021 00:03:19.399 INFO [main] org.apache.catalina.startup.HostConfig.deployDirectory Diretório de instalação da aplicação web [C:\Users\henri\IdeaProjects\springboot\apache-tomcat-10.0.4\webapps\docs]
30-Mar-2021 00:03:19.434 INFO [main] org.apache.catalina.startup.HostConfig.deployDirectory Deployment of web application directory [C:\Users\henri\IdeaProjects\springboot\apache-tomcat-10.0.4\webapps\docs] has finished in [36] ms
30-Mar-2021 00:03:19.434 INFO [main] org.apache.catalina.startup.HostConfig.deployDirectory Diretório de instalação da aplicação web [C:\Users\henri\IdeaProjects\springboot\apache-tomcat-10.0.4\webapps\examples]
30-Mar-2021 00:03:19.922 INFO [main] org.apache.catalina.startup.HostConfig.deployDirectory Deployment of web application directory [C:\Users\henri\IdeaProjects\springboot\apache-tomcat-10.0.4\webapps\examples] has finished in [488] ms
30-Mar-2021 00:03:19.923 INFO [main] org.apache.catalina.startup.HostConfig.deployDirectory Diretório de instalação da aplicação web [C:\Users\henri\IdeaProjects\springboot\apache-tomcat-10.0.4\webapps\host-manager]
30-Mar-2021 00:03:19.977 INFO [main] org.apache.catalina.startup.HostConfig.deployDirectory Deployment of web application directory [C:\Users\henri\IdeaProjects\springboot\apache-tomcat-10.0.4\webapps\host-manager] has finished in [53] ms
30-Mar-2021 00:03:19.978 INFO [main] org.apache.catalina.startup.HostConfig.deployDirectory Diretório de instalação da aplicação web [C:\Users\henri\IdeaProjects\springboot\apache-tomcat-10.0.4\webapps\manager]
30-Mar-2021 00:03:20.021 INFO [main] org.apache.catalina.startup.HostConfig.deployDirectory Deployment of web application directory [C:\Users\henri\IdeaProjects\springboot\apache-tomcat-10.0.4\webapps\manager] has finished in [44] ms
30-Mar-2021 00:03:20.022 INFO [main] org.apache.catalina.startup.HostConfig.deployDirectory Diretório de instalação da aplicação web [C:\Users\henri\IdeaProjects\springboot\apache-tomcat-10.0.4\webapps\ROOT]
30-Mar-2021 00:03:20.105 INFO [main] org.apache.catalina.startup.HostConfig.deployDirectory Deployment of web application directory [C:\Users\henri\IdeaProjects\springboot\apache-tomcat-10.0.4\webapps\ROOT] has finished in [83] ms
30-Mar-2021 00:03:20.116 INFO [main] org.apache.coyote.AbstractProtocol.start Starting ProtocolHandler ["http-nio-8080"]
30-Mar-2021 00:03:20.245 INFO [main] org.apache.catalina.startup.Catalina.start Server startup in [4481] milliseconds
30-Mar-2021 00:04:21.984 INFO [main] org.apache.catalina.startup.VersionLoggerListener.log Server version name:   Apache Tomcat/10.0.4
30-Mar-2021 00:04:21.991 INFO [main] org.apache.catalina.startup.VersionLoggerListener.log Server built:          Mar 5 2021 11:07:15 UTC
30-Mar-2021 00:04:21.992 INFO [main] org.apache.catalina.startup.VersionLoggerListener.log Server version number: 10.0.4.0
30-Mar-2021 00:04:21.992 INFO [main] org.apache.catalina.startup.VersionLoggerListener.log OS Name:               Windows 10
30-Mar-2021 00:04:21.993 INFO [main] org.apache.catalina.startup.VersionLoggerListener.log OS Version:            10.0
30-Mar-2021 00:04:21.993 INFO [main] org.apache.catalina.startup.VersionLoggerListener.log Architecture:          amd64
30-Mar-2021 00:04:21.993 INFO [main] org.apache.catalina.startup.VersionLoggerListener.log Java Home:             C:\Program Files\Java\jdk-16
30-Mar-2021 00:04:21.994 INFO [main] org.apache.catalina.startup.VersionLoggerListener.log JVM Version:           16+36-2231
30-Mar-2021 00:04:21.994 INFO [main] org.apache.catalina.startup.VersionLoggerListener.log JVM Vendor:            Oracle Corporation
30-Mar-2021 00:04:21.994 INFO [main] org.apache.catalina.startup.VersionLoggerListener.log CATALINA_BASE:         C:\Users\henri\IdeaProjects\springboot\apache-tomcat-10.0.4
30-Mar-2021 00:04:21.995 INFO [main] org.apache.catalina.startup.VersionLoggerListener.log CATALINA_HOME:         C:\Users\henri\IdeaProjects\springboot\apache-tomcat-10.0.4
30-Mar-2021 00:04:22.012 INFO [main] org.apache.catalina.startup.VersionLoggerListener.log Command line argument: --add-opens=java.base/java.lang=ALL-UNNAMED
30-Mar-2021 00:04:22.013 INFO [main] org.apache.catalina.startup.VersionLoggerListener.log Command line argument: --add-opens=java.base/java.io=ALL-UNNAMED
30-Mar-2021 00:04:22.013 INFO [main] org.apache.catalina.startup.VersionLoggerListener.log Command line argument: --add-opens=java.base/java.util=ALL-UNNAMED
30-Mar-2021 00:04:22.013 INFO [main] org.apache.catalina.startup.VersionLoggerListener.log Command line argument: --add-opens=java.base/java.util.concurrent=ALL-UNNAMED
30-Mar-2021 00:04:22.013 INFO [main] org.apache.catalina.startup.VersionLoggerListener.log Command line argument: --add-opens=java.rmi/sun.rmi.transport=ALL-UNNAMED
30-Mar-2021 00:04:22.013 INFO [main] org.apache.catalina.startup.VersionLoggerListener.log Command line argument: -Djava.util.logging.config.file=C:/Users/henri/IdeaProjects/springboot/apache-tomcat-10.0.4/conf/logging.properties
30-Mar-2021 00:04:22.013 INFO [main] org.apache.catalina.startup.VersionLoggerListener.log Command line argument: -Djava.util.logging.manager=org.apache.juli.ClassLoaderLogManager
30-Mar-2021 00:04:22.014 INFO [main] org.apache.catalina.startup.VersionLoggerListener.log Command line argument: -Djdk.tls.ephemeralDHKeySize=2048
30-Mar-2021 00:04:22.014 INFO [main] org.apache.catalina.startup.VersionLoggerListener.log Command line argument: -Djava.protocol.handler.pkgs=org.apache.catalina.webresources
30-Mar-2021 00:04:22.014 INFO [main] org.apache.catalina.startup.VersionLoggerListener.log Command line argument: -Dorg.apache.catalina.security.SecurityListener.UMASK=0027
30-Mar-2021 00:04:22.014 INFO [main] org.apache.catalina.startup.VersionLoggerListener.log Command line argument: -Dignore.endorsed.dirs=
30-Mar-2021 00:04:22.014 INFO [main] org.apache.catalina.startup.VersionLoggerListener.log Command line argument: -Dcatalina.base=C:/Users/henri/IdeaProjects/springboot/apache-tomcat-10.0.4
30-Mar-2021 00:04:22.014 INFO [main] org.apache.catalina.startup.VersionLoggerListener.log Command line argument: -Dcatalina.home=C:/Users/henri/IdeaProjects/springboot/apache-tomcat-10.0.4
30-Mar-2021 00:04:22.014 INFO [main] org.apache.catalina.startup.VersionLoggerListener.log Command line argument: -Djava.io.tmpdir=C:/Users/henri/IdeaProjects/springboot/apache-tomcat-10.0.4/temp
30-Mar-2021 00:04:22.020 INFO [main] org.apache.catalina.core.AprLifecycleListener.lifecycleEvent Loaded Apache Tomcat Native library [1.2.26] using APR version [1.7.0].
30-Mar-2021 00:04:22.020 INFO [main] org.apache.catalina.core.AprLifecycleListener.lifecycleEvent APR capabilities: IPv6 [true], sendfile [true], accept filters [false], random [true], UDS [true].
30-Mar-2021 00:04:22.027 INFO [main] org.apache.catalina.core.AprLifecycleListener.initializeSSL OpenSSL successfully initialized [OpenSSL 1.1.1i  8 Dec 2020]
30-Mar-2021 00:04:22.479 INFO [main] org.apache.coyote.AbstractProtocol.init Initializing ProtocolHandler ["http-nio-8080"]
30-Mar-2021 00:04:22.509 SEVERE [main] org.apache.catalina.util.LifecycleBase.handleSubClassException Failed to initialize component [Connector[HTTP/1.1-8080]]
	org.apache.catalina.LifecycleException: Protocol handler initialization failed
		at org.apache.catalina.connector.Connector.initInternal(Connector.java:1055)
		at org.apache.catalina.util.LifecycleBase.init(LifecycleBase.java:136)
		at org.apache.catalina.core.StandardService.initInternal(StandardService.java:558)
		at org.apache.catalina.util.LifecycleBase.init(LifecycleBase.java:136)
		at org.apache.catalina.core.StandardServer.initInternal(StandardServer.java:1045)
		at org.apache.catalina.util.LifecycleBase.init(LifecycleBase.java:136)
		at org.apache.catalina.startup.Catalina.load(Catalina.java:747)
		at org.apache.catalina.startup.Catalina.load(Catalina.java:769)
		at java.base/jdk.internal.reflect.NativeMethodAccessorImpl.invoke0(Native Method)
		at java.base/jdk.internal.reflect.NativeMethodAccessorImpl.invoke(NativeMethodAccessorImpl.java:78)
		at java.base/jdk.internal.reflect.DelegatingMethodAccessorImpl.invoke(DelegatingMethodAccessorImpl.java:43)
		at java.base/java.lang.reflect.Method.invoke(Method.java:567)
		at org.apache.catalina.startup.Bootstrap.load(Bootstrap.java:302)
		at org.apache.catalina.startup.Bootstrap.main(Bootstrap.java:472)
	Caused by: java.net.BindException: Address already in use: bind
		at java.base/sun.nio.ch.Net.bind0(Native Method)
		at java.base/sun.nio.ch.Net.bind(Net.java:552)
		at java.base/sun.nio.ch.ServerSocketChannelImpl.netBind(ServerSocketChannelImpl.java:336)
		at java.base/sun.nio.ch.ServerSocketChannelImpl.bind(ServerSocketChannelImpl.java:294)
		at org.apache.tomcat.util.net.NioEndpoint.initServerSocket(NioEndpoint.java:243)
		at org.apache.tomcat.util.net.NioEndpoint.bind(NioEndpoint.java:198)
		at org.apache.tomcat.util.net.AbstractEndpoint.bindWithCleanup(AbstractEndpoint.java:1175)
		at org.apache.tomcat.util.net.AbstractEndpoint.init(AbstractEndpoint.java:1188)
		at org.apache.coyote.AbstractProtocol.init(AbstractProtocol.java:580)
		at org.apache.coyote.http11.AbstractHttp11Protocol.init(AbstractHttp11Protocol.java:82)
		at org.apache.catalina.connector.Connector.initInternal(Connector.java:1052)
		... 13 more
30-Mar-2021 00:04:22.510 INFO [main] org.apache.catalina.startup.Catalina.load Server initialization in [810] milliseconds
30-Mar-2021 00:04:22.584 INFO [main] org.apache.catalina.core.StandardService.startInternal Starting service [Catalina]
30-Mar-2021 00:04:22.584 INFO [main] org.apache.catalina.core.StandardEngine.startInternal Starting Servlet engine: [Apache Tomcat/10.0.4]
30-Mar-2021 00:04:22.614 INFO [main] org.apache.catalina.startup.HostConfig.deployWAR Deploying web application archive [C:\Users\henri\IdeaProjects\springboot\apache-tomcat-10.0.4\webapps\springboot-0.0.1-SNAPSHOT.war]
30-Mar-2021 00:04:25.673 INFO [main] org.apache.jasper.servlet.TldScanner.scanJars At least one JAR was scanned for TLDs yet contained no TLDs. Enable debug logging for this logger for a complete list of JARs that were scanned but no TLDs were found in them. Skipping unneeded JARs during scanning can improve startup time and JSP compilation time.
30-Mar-2021 00:04:25.797 INFO [main] org.apache.catalina.startup.HostConfig.deployWAR Deployment of web application archive [C:\Users\henri\IdeaProjects\springboot\apache-tomcat-10.0.4\webapps\springboot-0.0.1-SNAPSHOT.war] has finished in [3.183] ms
30-Mar-2021 00:04:25.798 INFO [main] org.apache.catalina.startup.HostConfig.deployDirectory Diretório de instalação da aplicação web [C:\Users\henri\IdeaProjects\springboot\apache-tomcat-10.0.4\webapps\docs]
30-Mar-2021 00:04:25.838 INFO [main] org.apache.catalina.startup.HostConfig.deployDirectory Deployment of web application directory [C:\Users\henri\IdeaProjects\springboot\apache-tomcat-10.0.4\webapps\docs] has finished in [39] ms
30-Mar-2021 00:04:25.838 INFO [main] org.apache.catalina.startup.HostConfig.deployDirectory Diretório de instalação da aplicação web [C:\Users\henri\IdeaProjects\springboot\apache-tomcat-10.0.4\webapps\examples]
30-Mar-2021 00:04:26.525 INFO [main] org.apache.catalina.startup.HostConfig.deployDirectory Deployment of web application directory [C:\Users\henri\IdeaProjects\springboot\apache-tomcat-10.0.4\webapps\examples] has finished in [686] ms
30-Mar-2021 00:04:26.526 INFO [main] org.apache.catalina.startup.HostConfig.deployDirectory Diretório de instalação da aplicação web [C:\Users\henri\IdeaProjects\springboot\apache-tomcat-10.0.4\webapps\host-manager]
30-Mar-2021 00:04:26.580 INFO [main] org.apache.catalina.startup.HostConfig.deployDirectory Deployment of web application directory [C:\Users\henri\IdeaProjects\springboot\apache-tomcat-10.0.4\webapps\host-manager] has finished in [54] ms
30-Mar-2021 00:04:26.581 INFO [main] org.apache.catalina.startup.HostConfig.deployDirectory Diretório de instalação da aplicação web [C:\Users\henri\IdeaProjects\springboot\apache-tomcat-10.0.4\webapps\manager]
30-Mar-2021 00:04:26.628 INFO [main] org.apache.catalina.startup.HostConfig.deployDirectory Deployment of web application directory [C:\Users\henri\IdeaProjects\springboot\apache-tomcat-10.0.4\webapps\manager] has finished in [46] ms
30-Mar-2021 00:04:26.628 INFO [main] org.apache.catalina.startup.HostConfig.deployDirectory Diretório de instalação da aplicação web [C:\Users\henri\IdeaProjects\springboot\apache-tomcat-10.0.4\webapps\ROOT]
30-Mar-2021 00:04:26.668 INFO [main] org.apache.catalina.startup.HostConfig.deployDirectory Deployment of web application directory [C:\Users\henri\IdeaProjects\springboot\apache-tomcat-10.0.4\webapps\ROOT] has finished in [40] ms
30-Mar-2021 00:04:26.674 INFO [main] org.apache.catalina.startup.Catalina.start Server startup in [4163] milliseconds
30-Mar-2021 00:04:26.682 SEVERE [main] org.apache.catalina.core.StandardServer.await Failed to create server shutdown socket on address [localhost] and port [8005] (base port [8005] and offset [0])
	java.net.BindException: Address already in use: bind
		at java.base/sun.nio.ch.Net.bind0(Native Method)
		at java.base/sun.nio.ch.Net.bind(Net.java:552)
		at java.base/sun.nio.ch.Net.bind(Net.java:541)
		at java.base/sun.nio.ch.NioSocketImpl.bind(NioSocketImpl.java:643)
		at java.base/java.net.ServerSocket.bind(ServerSocket.java:395)
		at java.base/java.net.ServerSocket.<init>(ServerSocket.java:281)
		at org.apache.catalina.core.StandardServer.await(StandardServer.java:584)
		at org.apache.catalina.startup.Catalina.await(Catalina.java:887)
		at org.apache.catalina.startup.Catalina.start(Catalina.java:833)
		at java.base/jdk.internal.reflect.NativeMethodAccessorImpl.invoke0(Native Method)
		at java.base/jdk.internal.reflect.NativeMethodAccessorImpl.invoke(NativeMethodAccessorImpl.java:78)
		at java.base/jdk.internal.reflect.DelegatingMethodAccessorImpl.invoke(DelegatingMethodAccessorImpl.java:43)
		at java.base/java.lang.reflect.Method.invoke(Method.java:567)
		at org.apache.catalina.startup.Bootstrap.start(Bootstrap.java:342)
		at org.apache.catalina.startup.Bootstrap.main(Bootstrap.java:473)
30-Mar-2021 00:04:26.682 INFO [main] org.apache.coyote.AbstractProtocol.pause Pausing ProtocolHandler ["http-nio-8080"]
30-Mar-2021 00:04:26.683 INFO [main] org.apache.catalina.core.StandardService.stopInternal Stopping service [Catalina]
30-Mar-2021 00:04:26.704 INFO [main] org.apache.coyote.AbstractProtocol.stop Stopping ProtocolHandler ["http-nio-8080"]
30-Mar-2021 00:04:26.705 INFO [main] org.apache.coyote.AbstractProtocol.destroy Destroying ProtocolHandler ["http-nio-8080"]
30-Mar-2021 00:19:02.996 INFO [Catalina-utility-1] org.apache.catalina.startup.HostConfig.undeploy Undeploying context [/springboot-0.0.1-SNAPSHOT]
30-Mar-2021 00:20:13.231 INFO [Catalina-utility-2] org.apache.catalina.startup.HostConfig.deployWAR Deploying web application archive [C:\Users\henri\IdeaProjects\springboot\apache-tomcat-10.0.4\webapps\springboot-0.0.1-SNAPSHOT.war]
30-Mar-2021 00:20:15.409 INFO [Catalina-utility-2] org.apache.jasper.servlet.TldScanner.scanJars At least one JAR was scanned for TLDs yet contained no TLDs. Enable debug logging for this logger for a complete list of JARs that were scanned but no TLDs were found in them. Skipping unneeded JARs during scanning can improve startup time and JSP compilation time.
30-Mar-2021 00:20:15.424 INFO [Catalina-utility-2] org.apache.catalina.startup.HostConfig.deployWAR Deployment of web application archive [C:\Users\henri\IdeaProjects\springboot\apache-tomcat-10.0.4\webapps\springboot-0.0.1-SNAPSHOT.war] has finished in [2.192] ms
